<?xml version="1.0" encoding="UTF-8"?>
<!-- Generated by org.testng.reporters.JUnitXMLReporter -->
<testsuite ignored="2" hostname="LAPTOP-9T512FU2" failures="0" tests="2" name="facebook" time="0.047" errors="0" timestamp="2022-03-31T19:32:03 IST">
  <testcase classname="d_TestNgParameter.TestNGparameter" name="@BeforeTest OpenBrowser" time="-1.648735323214E9">
    <failure type="org.testng.TestNGException" message="
Parameter &amp;apos;browserName&amp;apos; is required by BeforeTest on method OpenBrowser but has not been marked @Optional or defined
in C:\Users\vinuk\ECLIPSE\MymavenProject\src\test\resources\TestNGparameter.xml">
      <![CDATA[org.testng.TestNGException: 
Parameter 'browserName' is required by BeforeTest on method OpenBrowser but has not been marked @Optional or defined
in C:\Users\vinuk\ECLIPSE\MymavenProject\src\test\resources\TestNGparameter.xml
... Removed 21 stack frames]]>
    </failure>
  </testcase> <!-- @BeforeTest OpenBrowser -->
  <testcase classname="d_TestNgParameter.TestNGparameter" name="@AfterTest closeBrowser" time="-1.648735323229E9">
    <skipped/>
  </testcase> <!-- @AfterTest closeBrowser -->
  <testcase classname="d_TestNgParameter.TestNGparameter" name="LaunchFacebook" time="0.0">
    <skipped/>
  </testcase> <!-- LaunchFacebook -->
  <testcase classname="d_TestNgParameter.TestNGparameter" name="facebookLogin" time="0.0">
    <skipped/>
  </testcase> <!-- facebookLogin -->
  <testcase classname="d_TestNgParameter.TestNGparameter" name="Login" time="0.0">
    <ignored/>
  </testcase> <!-- Login -->
  <testcase classname="d_TestNgParameter.TestNGparameter" name="LauchOrangeHRM" time="0.0">
    <ignored/>
  </testcase> <!-- LauchOrangeHRM -->
</testsuite> <!-- facebook -->
