<?xml version="1.0" encoding="UTF-8"?>
<!-- Generated by org.testng.reporters.JUnitXMLReporter -->
<testsuite ignored="0" hostname="LAPTOP-9T512FU2" failures="0" tests="6" name="Test" time="0.174" errors="0" timestamp="2022-05-10T11:37:53 IST">
  <testcase classname="TestJava.BaseTest" name="@BeforeClass BrowserLaunch" time="0.067">
    <failure type="java.lang.IllegalStateException" message="The path to the driver executable The path to the driver executable must be set by the webdriver.chrome.driver system property; for more information, see https://github.com/SeleniumHQ/selenium/wiki/ChromeDriver. The latest version can be downloaded from https://chromedriver.storage.googleapis.com/index.html">
      <![CDATA[java.lang.IllegalStateException: The path to the driver executable The path to the driver executable must be set by the webdriver.chrome.driver system property; for more information, see https://github.com/SeleniumHQ/selenium/wiki/ChromeDriver. The latest version can be downloaded from https://chromedriver.storage.googleapis.com/index.html
at org.openqa.selenium.internal.Require$StateChecker.nonNull(Require.java:280)
at org.openqa.selenium.remote.service.DriverService.findExecutable(DriverService.java:132)
at org.openqa.selenium.chrome.ChromeDriverService.access$000(ChromeDriverService.java:38)
at org.openqa.selenium.chrome.ChromeDriverService$Builder.findDefaultExecutable(ChromeDriverService.java:231)
at org.openqa.selenium.remote.service.DriverService$Builder.build(DriverService.java:434)
at org.openqa.selenium.chrome.ChromeDriverService.createDefaultService(ChromeDriverService.java:127)
at org.openqa.selenium.chrome.ChromeDriver.<init>(ChromeDriver.java:46)
at TestJava.BaseTest.BrowserLaunch(BaseTest.java:20)
at java.base/java.util.ArrayList.forEach(ArrayList.java:1511)
... Removed 25 stack frames]]>
    </failure>
  </testcase> <!-- @BeforeClass BrowserLaunch -->
  <testcase classname="TestJava.BaseTest" name="@BeforeClass objectAllMethods" time="-1.652162873366E9">
    <skipped/>
  </testcase> <!-- @BeforeClass objectAllMethods -->
  <testcase classname="TestJava.BaseTest" name="@AfterClass TearDownEnv" time="-1.652162873435E9">
    <skipped/>
  </testcase> <!-- @AfterClass TearDownEnv -->
  <testcase classname="TestJava.BaseTest" name="BrowserLaunch" time="0.0">
    <skipped/>
  </testcase> <!-- BrowserLaunch -->
  <testcase classname="TestJava.BaseTest" name="TearDownEnv" time="0.0">
    <skipped/>
  </testcase> <!-- TearDownEnv -->
  <testcase classname="TestJava.LoginPageTestClass" name="VerifyTitle" time="0.0">
    <skipped/>
  </testcase> <!-- VerifyTitle -->
  <testcase classname="TestJava.BaseTest" name="objectAllMethods" time="0.0">
    <skipped/>
  </testcase> <!-- objectAllMethods -->
  <testcase classname="TestJava.LoginPageTestClass" name="Verifyusername" time="0.0">
    <skipped/>
  </testcase> <!-- Verifyusername -->
  <testcase classname="TestJava.LoginPageTestClass" name="VerifyPassword" time="0.0">
    <skipped/>
  </testcase> <!-- VerifyPassword -->
</testsuite> <!-- Test -->
